<?xml version="1.0" encoding="UTF-8"?>
<testsuite name="breaker.AppTest" tests="1" skipped="0" failures="0" errors="0" timestamp="2020-07-19T14:14:44" hostname="192-168-1-107.tpgi.com.au" time="0.001">
  <properties/>
  <testcase name="testApp" classname="breaker.AppTest" time="0.001"/>
  <system-out><![CDATA[]]></system-out>
  <system-err><![CDATA[]]></system-err>
</testsuite>
